wine: created the configuration directory '/root/.wine'
002c:fixme:actctx:parse_depend_manifests Could not find dependent assembly L"Microsoft.Windows.Common-Controls" (6.0.0.0)
004c:fixme:actctx:parse_depend_manifests Could not find dependent assembly L"Microsoft.Windows.Common-Controls" (6.0.0.0)
0054:fixme:actctx:parse_depend_manifests Could not find dependent assembly L"Microsoft.Windows.Common-Controls" (6.0.0.0)
error: XDG_RUNTIME_DIR is invalid or not set in the environment.
error: XDG_RUNTIME_DIR is invalid or not set in the environment.
0054:err:vulkan:vulkan_init_once Failed to load libvulkan.so.1
0054:err:winediag:nodrv_CreateWindow Application tried to create a window, but no driver could be loaded.
0054:err:winediag:nodrv_CreateWindow L"The explorer process failed to start."
0054:err:systray:initialize_systray Could not create tray window
0054:err:ole:StdMarshalImpl_MarshalInterface Failed to create ifstub, hr 0x80004002
0054:err:ole:CoMarshalInterface Failed to marshal the interface {6d5140c1-7436-11ce-8034-00aa006009fa}, hr 0x80004002
0054:err:ole:apartment_get_local_server_stream Failed: 0x80004002
0044:err:winediag:nodrv_CreateWindow Application tried to create a window, but no driver could be loaded.
0044:err:winediag:nodrv_CreateWindow L"Make sure that your display server is running and that its variables are set."
004c:err:winediag:nodrv_CreateWindow Application tried to create a window, but no driver could be loaded.
004c:err:winediag:nodrv_CreateWindow L"Make sure that your display server is running and that its variables are set."
004c:err:ole:apartment_createwindowifneeded CreateWindow failed with error 1400
004c:err:ole:apartment_createwindowifneeded CreateWindow failed with error 1400
004c:err:ole:apartment_createwindowifneeded CreateWindow failed with error 1400
004c:err:ole:StdMarshalImpl_MarshalInterface Failed to create ifstub, hr 0x80070578
004c:err:ole:CoMarshalInterface Failed to marshal the interface {6d5140c1-7436-11ce-8034-00aa006009fa}, hr 0x80070578
004c:err:ole:apartment_get_local_server_stream Failed: 0x80070578
004c:err:ole:start_rpcss Failed to open RpcSs service
002c:err:winediag:nodrv_CreateWindow Application tried to create a window, but no driver could be loaded.
002c:err:winediag:nodrv_CreateWindow L"Make sure that your display server is running and that its variables are set."
0094:err:winediag:nodrv_CreateWindow Application tried to create a window, but no driver could be loaded.
0094:err:winediag:nodrv_CreateWindow L"Make sure that your display server is running and that its variables are set."
009c:err:winediag:nodrv_CreateWindow Application tried to create a window, but no driver could be loaded.
009c:err:winediag:nodrv_CreateWindow L"Make sure that your display server is running and that its variables are set."
00ec:fixme:msg:pack_message msg 14 (WM_ERASEBKGND) not supported yet
00ec:err:winediag:nodrv_CreateWindow Application tried to create a window, but no driver could be loaded.
00ec:err:winediag:nodrv_CreateWindow L"Make sure that your display server is running and that its variables are set."
002c:err:setupapi:do_file_copyW Unsupported style(s) 0x10
0110:err:ntoskrnl:ZwLoadDriver failed to create driver L"\\Registry\\Machine\\System\\CurrentControlSet\\Services\\winebth": c00000e5
002c:err:setupapi:SetupDiInstallDevice Failed to start service L"winebth" for device L"ROOT\\WINE\\WINEBTH", error 1359.
002c:err:setupapi:SetupDiInstallDevice Failed to control service L"winebth" for device L"ROOT\\WINE\\WINEBTH", error 1062.
002c:err:setupapi:do_file_copyW Unsupported style(s) 0x10
0138:err:setupapi:do_file_copyW Unsupported style(s) 0x10
002c:err:setupapi:do_file_copyW Unsupported style(s) 0x10
0138:err:setupapi:do_file_copyW Unsupported style(s) 0x10
0158:fixme:console:default_ctrl_handler Terminating process 20 on event 0
